TN:
SF:src\domain\company\entities\company.js
FN:8,(anonymous_0)
FN:14,(anonymous_1)
FN:18,(anonymous_2)
FN:25,(anonymous_3)
FN:29,(anonymous_4)
FN:37,(anonymous_5)
FN:41,(anonymous_6)
FNF:7
FNH:7
FNDA:8,(anonymous_0)
FNDA:2,(anonymous_1)
FNDA:8,(anonymous_2)
FNDA:2,(anonymous_3)
FNDA:6,(anonymous_4)
FNDA:2,(anonymous_5)
FNDA:4,(anonymous_6)
DA:1,2
DA:9,8
DA:10,6
DA:11,4
DA:15,2
DA:19,8
DA:20,2
DA:22,6
DA:26,2
DA:30,6
DA:31,6
DA:32,2
DA:34,4
DA:38,2
DA:42,4
DA:43,2
DA:45,2
DA:49,2
LF:18
LH:18
BRDA:19,0,0,2
BRDA:19,0,1,6
BRDA:19,1,0,8
BRDA:19,1,1,7
BRDA:19,1,2,6
BRDA:31,2,0,2
BRDA:31,2,1,4
BRDA:31,3,0,6
BRDA:31,3,1,5
BRDA:42,4,0,2
BRDA:42,4,1,2
BRDA:42,5,0,4
BRDA:42,5,1,3
BRDA:42,5,2,2
BRF:14
BRH:14
end_of_record
TN:
SF:src\domain\company\entities\index.js
FNF:0
FNH:0
DA:1,1
DA:3,1
LF:2
LH:2
BRF:0
BRH:0
end_of_record
TN:
SF:src\domain\company\useCases\onboardingCompany.js
FN:6,(anonymous_0)
FN:10,(anonymous_1)
FNF:2
FNH:2
FNDA:2,(anonymous_0)
FNDA:2,(anonymous_1)
DA:1,1
DA:3,1
DA:7,2
DA:11,2
DA:12,1
DA:14,1
DA:25,1
LF:7
LH:7
BRF:0
BRH:0
end_of_record
TN:
SF:src\domain\errors\AlreadyExistsError.js
FN:2,(anonymous_0)
FNF:1
FNH:0
FNDA:0,(anonymous_0)
DA:3,0
DA:4,0
DA:8,2
LF:3
LH:1
BRF:0
BRH:0
end_of_record
TN:
SF:src\domain\errors\DatabaseConnectionError.js
FN:2,(anonymous_0)
FNF:1
FNH:0
FNDA:0,(anonymous_0)
DA:3,0
DA:4,0
DA:8,2
LF:3
LH:1
BRF:0
BRH:0
end_of_record
TN:
SF:src\domain\errors\DatabaseQueryError.js
FN:2,(anonymous_0)
FNF:1
FNH:0
FNDA:0,(anonymous_0)
DA:3,0
DA:4,0
DA:8,2
LF:3
LH:1
BRF:0
BRH:0
end_of_record
TN:
SF:src\domain\errors\JWTError.js
FN:2,(anonymous_0)
FNF:1
FNH:1
FNDA:1,(anonymous_0)
DA:3,1
DA:4,1
DA:8,2
LF:3
LH:3
BRF:0
BRH:0
end_of_record
TN:
SF:src\domain\errors\UserNotFoundError.js
FN:2,(anonymous_0)
FNF:1
FNH:0
FNDA:0,(anonymous_0)
DA:3,0
DA:4,0
DA:8,2
LF:3
LH:1
BRF:0
BRH:0
end_of_record
TN:
SF:src\domain\errors\UserNotValidatedError.js
FN:2,(anonymous_0)
FNF:1
FNH:0
FNDA:0,(anonymous_0)
DA:3,0
DA:4,0
DA:8,2
LF:3
LH:1
BRF:0
BRH:0
end_of_record
TN:
SF:src\domain\errors\ValidationError.js
FN:2,(anonymous_0)
FNF:1
FNH:1
FNDA:6,(anonymous_0)
DA:3,6
DA:4,6
DA:8,2
LF:3
LH:3
BRF:0
BRH:0
end_of_record
TN:
SF:src\domain\errors\index.js
FNF:0
FNH:0
DA:1,2
DA:2,2
DA:3,2
DA:4,2
DA:5,2
DA:6,2
DA:7,2
DA:9,2
LF:8
LH:8
BRF:0
BRH:0
end_of_record
TN:
SF:src\infrastructure\services\bcryptService.js
FN:4,(anonymous_0)
FN:7,(anonymous_1)
FNF:2
FNH:0
FNDA:0,(anonymous_0)
FNDA:0,(anonymous_1)
DA:1,1
DA:3,1
DA:5,0
DA:8,0
DA:12,1
LF:5
LH:3
BRF:0
BRH:0
end_of_record
TN:
SF:src\infrastructure\services\createOnboardingCompanyService.js
FN:1,CreateOnboardingCompanyService
FN:3,(anonymous_1)
FNF:2
FNH:0
FNDA:0,CreateOnboardingCompanyService
FNDA:0,(anonymous_1)
DA:2,0
DA:4,0
DA:5,0
DA:10,1
LF:4
LH:1
BRF:0
BRH:0
end_of_record
TN:
SF:src\infrastructure\services\createUserDeleteService.js
FN:1,CreateUserDeleteService
FN:3,(anonymous_1)
FNF:2
FNH:0
FNDA:0,CreateUserDeleteService
FNDA:0,(anonymous_1)
DA:2,0
DA:4,0
DA:5,0
DA:10,1
LF:4
LH:1
BRF:0
BRH:0
end_of_record
TN:
SF:src\infrastructure\services\generatorCodeService.js
FN:3,(anonymous_0)
FNF:1
FNH:0
FNDA:0,(anonymous_0)
DA:1,1
DA:4,0
DA:5,0
DA:9,1
LF:4
LH:2
BRF:0
BRH:0
end_of_record
TN:
SF:src\infrastructure\services\index.js
FNF:0
FNH:0
DA:1,1
DA:2,1
DA:3,1
DA:4,1
DA:5,1
DA:6,1
DA:8,1
LF:7
LH:7
BRF:0
BRH:0
end_of_record
TN:
SF:src\infrastructure\services\jwtService.js
FN:5,(anonymous_0)
FN:11,(anonymous_1)
FN:25,(anonymous_2)
FNF:3
FNH:0
FNDA:0,(anonymous_0)
FNDA:0,(anonymous_1)
FNDA:0,(anonymous_2)
DA:1,1
DA:2,1
DA:4,1
DA:6,0
DA:12,0
DA:13,0
DA:15,0
DA:16,0
DA:17,0
DA:18,0
DA:20,0
DA:26,0
DA:27,0
DA:28,0
DA:29,0
DA:32,0
DA:33,0
DA:34,0
DA:35,0
DA:37,0
DA:43,1
LF:21
LH:4
BRDA:15,0,0,0
BRDA:15,0,1,0
BRDA:17,1,0,0
BRDA:17,1,1,0
BRDA:28,2,0,0
BRDA:28,2,1,0
BRDA:32,3,0,0
BRDA:32,3,1,0
BRDA:34,4,0,0
BRDA:34,4,1,0
BRF:10
BRH:0
end_of_record
TN:
SF:src\infrastructure\services\uploadService.js
FN:16,(anonymous_0)
FNF:1
FNH:0
FNDA:0,(anonymous_0)
DA:1,1
DA:2,1
DA:3,1
DA:5,1
DA:11,1
DA:12,0
DA:15,1
DA:17,0
DA:18,0
DA:21,0
DA:22,0
DA:23,0
DA:24,0
DA:27,0
DA:28,0
DA:29,0
DA:32,0
DA:35,0
DA:37,0
DA:38,0
DA:40,0
DA:46,0
DA:51,1
LF:23
LH:7
BRDA:11,0,0,0
BRDA:11,0,1,1
BRDA:17,1,0,0
BRDA:17,1,1,0
BRDA:17,2,0,0
BRDA:17,2,1,0
BRDA:23,3,0,0
BRDA:23,3,1,0
BRDA:28,4,0,0
BRDA:28,4,1,0
BRF:10
BRH:1
end_of_record
